0 info it worked if it ends with ok
1 verbose cli [ 'C:\\Program Files\\nodejs\\\\node.exe',
1 verbose cli   'C:\\Program Files\\nodejs\\node_modules\\npm\\bin\\npm-cli.js',
1 verbose cli   'publish' ]
2 info using npm@1.4.28
3 info using node@v0.10.36
4 verbose node symlink C:\Program Files\nodejs\\node.exe
5 verbose publish [ '.' ]
6 verbose cache add [ '.', null ]
7 verbose cache add name=undefined spec="." args=[".",null]
8 verbose parsed url { protocol: null,
8 verbose parsed url   slashes: null,
8 verbose parsed url   auth: null,
8 verbose parsed url   host: null,
8 verbose parsed url   port: null,
8 verbose parsed url   hostname: null,
8 verbose parsed url   hash: null,
8 verbose parsed url   search: null,
8 verbose parsed url   query: null,
8 verbose parsed url   pathname: '.',
8 verbose parsed url   path: '.',
8 verbose parsed url   href: '.' }
9 silly lockFile 3a52ce78- .
10 verbose lock . C:\Users\dschnare\AppData\Roaming\npm-cache\3a52ce78-.lock
11 verbose tar pack [ 'C:\\Users\\dschnare\\AppData\\Roaming\\npm-cache\\generator-mighty\\0.2.10\\package.tgz',
11 verbose tar pack   '.' ]
12 verbose tarball C:\Users\dschnare\AppData\Roaming\npm-cache\generator-mighty\0.2.10\package.tgz
13 verbose folder .
14 info prepublish generator-mighty@0.2.10
15 silly lockFile 1f1177db-tar tar://.
16 verbose lock tar://. C:\Users\dschnare\AppData\Roaming\npm-cache\1f1177db-tar.lock
17 silly lockFile 13d12bc9-erator-mighty-0-2-10-package-tgz tar://C:\Users\dschnare\AppData\Roaming\npm-cache\generator-mighty\0.2.10\package.tgz
18 verbose lock tar://C:\Users\dschnare\AppData\Roaming\npm-cache\generator-mighty\0.2.10\package.tgz C:\Users\dschnare\AppData\Roaming\npm-cache\13d12bc9-erator-mighty-0-2-10-package-tgz.lock
19 silly lockFile 1f1177db-tar tar://.
20 silly lockFile 1f1177db-tar tar://.
21 silly lockFile 13d12bc9-erator-mighty-0-2-10-package-tgz tar://C:\Users\dschnare\AppData\Roaming\npm-cache\generator-mighty\0.2.10\package.tgz
22 silly lockFile 13d12bc9-erator-mighty-0-2-10-package-tgz tar://C:\Users\dschnare\AppData\Roaming\npm-cache\generator-mighty\0.2.10\package.tgz
23 silly lockFile cda2b407--generator-mighty-0-2-10-package C:\Users\dschnare\AppData\Roaming\npm-cache\generator-mighty\0.2.10\package
24 verbose lock C:\Users\dschnare\AppData\Roaming\npm-cache\generator-mighty\0.2.10\package C:\Users\dschnare\AppData\Roaming\npm-cache\cda2b407--generator-mighty-0-2-10-package.lock
25 silly lockFile cda2b407--generator-mighty-0-2-10-package C:\Users\dschnare\AppData\Roaming\npm-cache\generator-mighty\0.2.10\package
26 silly lockFile cda2b407--generator-mighty-0-2-10-package C:\Users\dschnare\AppData\Roaming\npm-cache\generator-mighty\0.2.10\package
27 silly lockFile 3a52ce78- .
28 silly lockFile 3a52ce78- .
29 silly publish { name: 'generator-mighty',
29 silly publish   version: '0.2.10',
29 silly publish   description: 'Mighty Email generator that uses mighty-mail as its rendering engine.',
29 silly publish   scripts: { test: 'echo "Error: no test specified" && exit 1' },
29 silly publish   files: [ 'generator/app', 'generator/email' ],
29 silly publish   repository:
29 silly publish    { type: 'git',
29 silly publish      url: 'https://github.com/dschnare/generator-mighty' },
29 silly publish   keywords:
29 silly publish    [ 'yeoman-generator',
29 silly publish      'email',
29 silly publish      'boilerplate',
29 silly publish      'html',
29 silly publish      'css',
29 silly publish      'sass',
29 silly publish      'less',
29 silly publish      'responsive' ],
29 silly publish   author: { name: 'Darren Schnare', email: 'schnare.d@gmail.com' },
29 silly publish   license: 'MIT',
29 silly publish   bugs: { url: 'https://github.com/dschnare/generator-mighty/issues' },
29 silly publish   homepage: 'https://github.com/dschnare/generator-mighty',
29 silly publish   devDependencies: { 'yeoman-generator': '^0.19.2' },
29 silly publish   dependencies: { 'mighty-mail': '^0.4.3', mkdirp: '^0.5.0' },
29 silly publish   gitHead: '8d3e88574e8d0d9e047c611182e0ceb21ed42f66',
29 silly publish   readme: 'ERROR: No README data found!',
29 silly publish   _id: 'generator-mighty@0.2.10',
29 silly publish   _shasum: 'ea950f5aeb8656c787ce477f5ed26ce8ec6a7099',
29 silly publish   _from: '.' }
30 verbose request where is /generator-mighty
31 verbose request registry https://registry.npmjs.org/
32 verbose request id 8e656e861e8d17ec
33 verbose url raw /generator-mighty
34 verbose url resolving [ 'https://registry.npmjs.org/', './generator-mighty' ]
35 verbose url resolved https://registry.npmjs.org/generator-mighty
36 verbose request where is https://registry.npmjs.org/generator-mighty
37 info trying registry request attempt 1 at 16:53:54
38 http PUT https://registry.npmjs.org/generator-mighty
39 http 403 https://registry.npmjs.org/generator-mighty
40 verbose headers { 'content-type': 'application/json',
40 verbose headers   'cache-control': 'max-age=60',
40 verbose headers   'content-length': '96',
40 verbose headers   'accept-ranges': 'bytes',
40 verbose headers   date: 'Fri, 08 May 2015 20:53:55 GMT',
40 verbose headers   via: '1.1 varnish',
40 verbose headers   connection: 'keep-alive',
40 verbose headers   'x-served-by': 'cache-ord1729-ORD',
40 verbose headers   'x-cache': 'MISS',
40 verbose headers   'x-cache-hits': '0',
40 verbose headers   'x-timer': 'S1431118434.583953,VS0,VE1078' }
41 error publish Failed PUT 403
42 error Error: "You cannot publish over the previously published version 0.2.10." : generator-mighty
42 error     at RegClient.<anonymous> (C:\Program Files\nodejs\node_modules\npm\node_modules\npm-registry-client\lib\request.js:308:14)
42 error     at Request._callback (C:\Program Files\nodejs\node_modules\npm\node_modules\npm-registry-client\lib\request.js:246:65)
42 error     at Request.self.callback (C:\Program Files\nodejs\node_modules\npm\node_modules\request\request.js:236:22)
42 error     at Request.emit (events.js:98:17)
42 error     at Request.<anonymous> (C:\Program Files\nodejs\node_modules\npm\node_modules\request\request.js:1142:14)
42 error     at Request.emit (events.js:117:20)
42 error     at IncomingMessage.<anonymous> (C:\Program Files\nodejs\node_modules\npm\node_modules\request\request.js:1096:12)
42 error     at IncomingMessage.emit (events.js:117:20)
42 error     at _stream_readable.js:944:16
42 error     at process._tickCallback (node.js:442:13)
43 error If you need help, you may report this *entire* log,
43 error including the npm and node versions, at:
43 error     <http://github.com/npm/npm/issues>
44 error System Windows_NT 6.2.9200
45 error command "C:\\Program Files\\nodejs\\\\node.exe" "C:\\Program Files\\nodejs\\node_modules\\npm\\bin\\npm-cli.js" "publish"
46 error cwd C:\web\htdocs\darren\generator-mighty
47 error node -v v0.10.36
48 error npm -v 1.4.28
49 verbose exit [ 1, true ]
